2018-06-18 09:24:44.420  INFO 5008 --- [restartedMain] r.s.gamelexicon.GameLexiconApplication   : Starting GameLexiconApplication on Monster with PID 5008 (C:\Users\Alena\IdeaProjects\Study\gamelexicon\target\classes started by Alena in C:\Users\Alena\IdeaProjects\Study\gamelexicon)
2018-06-18 09:24:44.441 DEBUG 5008 --- [restartedMain] r.s.gamelexicon.GameLexiconApplication   : Running with Spring Boot v2.0.1.RELEASE, Spring v5.0.5.RELEASE
2018-06-18 09:24:44.450  INFO 5008 --- [restartedMain] r.s.gamelexicon.GameLexiconApplication   : The following profiles are active: develop
2018-06-18 09:24:44.592  INFO 5008 --- [restartedMain] ConfigServletWebServerApplicationContext : Refreshing org.springframework.boot.web.servlet.context.AnnotationConfigServletWebServerApplicationContext@693c0499: startup date [Mon Jun 18 09:24:44 ALMT 2018]; root of context hierarchy
2018-06-18 09:24:47.071  INFO 5008 --- [restartedMain] trationDelegate$BeanPostProcessorChecker : Bean 'org.springframework.transaction.annotation.ProxyTransactionManagementConfiguration' of type [org.springframework.transaction.annotation.ProxyTransactionManagementConfiguration$$EnhancerBySpringCGLIB$$77bcfdaf] is not eligible for getting processed by all BeanPostProcessors (for example: not eligible for auto-proxying)
2018-06-18 09:24:47.128  INFO 5008 --- [restartedMain] trationDelegate$BeanPostProcessorChecker : Bean 'org.springframework.security.config.annotation.configuration.ObjectPostProcessorConfiguration' of type [org.springframework.security.config.annotation.configuration.ObjectPostProcessorConfiguration$$EnhancerBySpringCGLIB$$106ac5e9] is not eligible for getting processed by all BeanPostProcessors (for example: not eligible for auto-proxying)
2018-06-18 09:24:47.135  INFO 5008 --- [restartedMain] trationDelegate$BeanPostProcessorChecker : Bean 'objectPostProcessor' of type [org.springframework.security.config.annotation.configuration.AutowireBeanFactoryObjectPostProcessor] is not eligible for getting processed by all BeanPostProcessors (for example: not eligible for auto-proxying)
2018-06-18 09:24:47.137  INFO 5008 --- [restartedMain] trationDelegate$BeanPostProcessorChecker : Bean 'org.springframework.security.access.expression.method.DefaultMethodSecurityExpressionHandler@3bc85621' of type [org.springframework.security.access.expression.method.DefaultMethodSecurityExpressionHandler] is not eligible for getting processed by all BeanPostProcessors (for example: not eligible for auto-proxying)
2018-06-18 09:24:47.143  INFO 5008 --- [restartedMain] trationDelegate$BeanPostProcessorChecker : Bean 'org.springframework.security.config.annotation.method.configuration.GlobalMethodSecurityConfiguration' of type [org.springframework.security.config.annotation.method.configuration.GlobalMethodSecurityConfiguration$$EnhancerBySpringCGLIB$$353f689b] is not eligible for getting processed by all BeanPostProcessors (for example: not eligible for auto-proxying)
2018-06-18 09:24:47.151  INFO 5008 --- [restartedMain] trationDelegate$BeanPostProcessorChecker : Bean 'methodSecurityMetadataSource' of type [org.springframework.security.access.method.DelegatingMethodSecurityMetadataSource] is not eligible for getting processed by all BeanPostProcessors (for example: not eligible for auto-proxying)
2018-06-18 09:24:47.542  INFO 5008 --- [restartedMain] o.s.b.w.embedded.tomcat.TomcatWebServer  : Tomcat initialized with port(s): 8080 (http)
2018-06-18 09:24:47.581  INFO 5008 --- [restartedMain] o.apache.catalina.core.StandardService   : Starting service [Tomcat]
2018-06-18 09:24:47.581  INFO 5008 --- [restartedMain] org.apache.catalina.core.StandardEngine  : Starting Servlet Engine: Apache Tomcat/8.5.29
2018-06-18 09:24:47.645  INFO 5008 --- [localhost-startStop-1] o.a.catalina.core.AprLifecycleListener   : The APR based Apache Tomcat Native library which allows optimal performance in production environments was not found on the java.library.path: [C:\Program Files\Java\jdk1.8.0_141\bin;C:\Windows\Sun\Java\bin;C:\Windows\system32;C:\Windows;C:\ProgramData\Oracle\Java\javapath;C:\Program Files (x86)\Intel\iCLS Client\;C:\Program Files\Intel\iCLS Client\;C:\Windows\system32;C:\Windows;C:\Windows\System32\Wbem;C:\Windows\System32\WindowsPowerShell\v1.0\;C:\Program Files\Intel\Intel(R) Management Engine Components\DAL;C:\Program Files\Intel\Intel(R) Management Engine Components\IPT;C:\Program Files (x86)\Intel\Intel(R) Management Engine Components\DAL;C:\Program Files (x86)\Intel\Intel(R) Management Engine Components\IPT;C:\Program Files (x86)\Intel\OpenCL SDK\2.0\bin\x86;C:\Program Files (x86)\Intel\OpenCL SDK\2.0\bin\x64;C:\Users\Alena\AppData\Local\GitHub\PortableGit_f02737a78695063deace08e96d5042710d3e32db\cmd;C:\Program Files (x86)\Skype\Phone\;C:\Program Files\nodejs\;C:\Program Files\apache-maven-3.5.0\bin;C:\Program Files\Heroku\bin;C:\Users\Alena\AppData\Roaming\npm;.]
2018-06-18 09:24:47.746  INFO 5008 --- [localhost-startStop-1] o.a.c.c.C.[Tomcat].[localhost].[/]       : Initializing Spring embedded WebApplicationContext
2018-06-18 09:24:47.747  INFO 5008 --- [localhost-startStop-1] o.s.web.context.ContextLoader            : Root WebApplicationContext: initialization completed in 3155 ms
2018-06-18 09:24:47.925  INFO 5008 --- [localhost-startStop-1] o.s.b.w.servlet.FilterRegistrationBean   : Mapping filter: 'characterEncodingFilter' to: [/*]
2018-06-18 09:24:47.926  INFO 5008 --- [localhost-startStop-1] o.s.b.w.servlet.FilterRegistrationBean   : Mapping filter: 'hiddenHttpMethodFilter' to: [/*]
2018-06-18 09:24:47.926  INFO 5008 --- [localhost-startStop-1] o.s.b.w.servlet.FilterRegistrationBean   : Mapping filter: 'httpPutFormContentFilter' to: [/*]
2018-06-18 09:24:47.926  INFO 5008 --- [localhost-startStop-1] o.s.b.w.servlet.FilterRegistrationBean   : Mapping filter: 'requestContextFilter' to: [/*]
2018-06-18 09:24:47.927  INFO 5008 --- [localhost-startStop-1] .s.DelegatingFilterProxyRegistrationBean : Mapping filter: 'springSecurityFilterChain' to: [/*]
2018-06-18 09:24:47.927  INFO 5008 --- [localhost-startStop-1] o.s.b.w.servlet.ServletRegistrationBean  : Servlet dispatcherServlet mapped to [/]
2018-06-18 09:24:48.151  INFO 5008 --- [restartedMain] com.zaxxer.hikari.HikariDataSource       : HikariPool-1 - Starting...
2018-06-18 09:24:48.314  INFO 5008 --- [restartedMain] com.zaxxer.hikari.HikariDataSource       : HikariPool-1 - Start completed.
2018-06-18 09:24:48.381  INFO 5008 --- [restartedMain] j.LocalContainerEntityManagerFactoryBean : Building JPA container EntityManagerFactory for persistence unit 'default'
2018-06-18 09:24:48.395  INFO 5008 --- [restartedMain] o.hibernate.jpa.internal.util.LogHelper  : HHH000204: Processing PersistenceUnitInfo [
	name: default
	...]
2018-06-18 09:24:48.478  INFO 5008 --- [restartedMain] org.hibernate.Version                    : HHH000412: Hibernate Core {5.2.16.Final}
2018-06-18 09:24:48.479  INFO 5008 --- [restartedMain] org.hibernate.cfg.Environment            : HHH000206: hibernate.properties not found
2018-06-18 09:24:48.533  INFO 5008 --- [restartedMain] o.hibernate.annotations.common.Version   : HCANN000001: Hibernate Commons Annotations {5.0.1.Final}
2018-06-18 09:24:48.712  INFO 5008 --- [restartedMain] org.hibernate.dialect.Dialect            : HHH000400: Using dialect: org.hibernate.dialect.MySQLDialect
2018-06-18 09:24:49.485  INFO 5008 --- [restartedMain] j.LocalContainerEntityManagerFactoryBean : Initialized JPA EntityManagerFactory for persistence unit 'default'
2018-06-18 09:24:50.411  INFO 5008 --- [restartedMain] o.s.s.web.DefaultSecurityFilterChain     : Creating filter chain: Ant [pattern='/login'], []
2018-06-18 09:24:50.412  INFO 5008 --- [restartedMain] o.s.s.web.DefaultSecurityFilterChain     : Creating filter chain: Ant [pattern='/registration'], []
2018-06-18 09:24:50.412  INFO 5008 --- [restartedMain] o.s.s.web.DefaultSecurityFilterChain     : Creating filter chain: Ant [pattern='/api/games/**'], []
2018-06-18 09:24:50.412  INFO 5008 --- [restartedMain] o.s.s.web.DefaultSecurityFilterChain     : Creating filter chain: Ant [pattern='/'], []
2018-06-18 09:24:50.412  INFO 5008 --- [restartedMain] o.s.s.web.DefaultSecurityFilterChain     : Creating filter chain: Ant [pattern='/api/steps/**'], []
2018-06-18 09:24:50.412  INFO 5008 --- [restartedMain] o.s.s.web.DefaultSecurityFilterChain     : Creating filter chain: Ant [pattern='/api/settings/**'], []
2018-06-18 09:24:50.413  INFO 5008 --- [restartedMain] o.s.s.web.DefaultSecurityFilterChain     : Creating filter chain: Ant [pattern='/api/statistic/**'], []
2018-06-18 09:24:50.488  INFO 5008 --- [restartedMain] o.s.s.web.DefaultSecurityFilterChain     : Creating filter chain: org.springframework.security.web.util.matcher.AnyRequestMatcher@1, [org.springframework.security.web.context.request.async.WebAsyncManagerIntegrationFilter@7d422878, org.springframework.security.web.context.SecurityContextPersistenceFilter@7cdf130d, org.springframework.security.web.header.HeaderWriterFilter@4b3f81e, org.springframework.security.web.authentication.logout.LogoutFilter@1f9fbd2d, ru.study.gamelexicon.security.TokenAuthenticationFilter@6bfd452f, org.springframework.security.web.savedrequest.RequestCacheAwareFilter@1bb6c711, org.springframework.security.web.servletapi.SecurityContextHolderAwareRequestFilter@2e8f381b, org.springframework.security.web.authentication.AnonymousAuthenticationFilter@358531f2, org.springframework.security.web.session.SessionManagementFilter@28d4366f, org.springframework.security.web.access.ExceptionTranslationFilter@71ef5960, org.springframework.security.web.access.intercept.FilterSecurityInterceptor@7e10e9eb]
2018-06-18 09:24:50.598  INFO 5008 --- [restartedMain] o.s.w.s.handler.SimpleUrlHandlerMapping  : Mapped URL path [/**/favicon.ico] onto handler of type [class org.springframework.web.servlet.resource.ResourceHttpRequestHandler]
2018-06-18 09:24:50.913  INFO 5008 --- [restartedMain] s.w.s.m.m.a.RequestMappingHandlerAdapter : Looking for @ControllerAdvice: org.springframework.boot.web.servlet.context.AnnotationConfigServletWebServerApplicationContext@693c0499: startup date [Mon Jun 18 09:24:44 ALMT 2018]; root of context hierarchy
2018-06-18 09:24:50.955  WARN 5008 --- [restartedMain] aWebConfiguration$JpaWebMvcConfiguration : spring.jpa.open-in-view is enabled by default. Therefore, database queries may be performed during view rendering. Explicitly configure spring.jpa.open-in-view to disable this warning
2018-06-18 09:24:50.990  INFO 5008 --- [restartedMain] s.w.s.m.m.a.RequestMappingHandlerMapping : Mapped "{[/upload],methods=[POST]}" onto public java.lang.String ru.study.gamelexicon.rest.CsvUploadController.upload(org.springframework.web.multipart.MultipartFile)
2018-06-18 09:24:50.994  INFO 5008 --- [restartedMain] s.w.s.m.m.a.RequestMappingHandlerMapping : Mapped "{[/api/games/],methods=[PUT],produces=[application/json;charset=UTF-8]}" onto public org.springframework.http.ResponseEntity<ru.study.gamelexicon.model.Game> ru.study.gamelexicon.rest.GameRestController.update(ru.study.gamelexicon.model.Game)
2018-06-18 09:24:50.995  INFO 5008 --- [restartedMain] s.w.s.m.m.a.RequestMappingHandlerMapping : Mapped "{[/api/games/{id}],methods=[DELETE],produces=[application/json;charset=UTF-8]}" onto public org.springframework.http.ResponseEntity<ru.study.gamelexicon.model.Game> ru.study.gamelexicon.rest.GameRestController.delete(java.lang.Long)
2018-06-18 09:24:50.995  INFO 5008 --- [restartedMain] s.w.s.m.m.a.RequestMappingHandlerMapping : Mapped "{[/api/games/{id}],methods=[GET],produces=[application/json;charset=UTF-8]}" onto public org.springframework.http.ResponseEntity<ru.study.gamelexicon.model.Game> ru.study.gamelexicon.rest.GameRestController.read(java.lang.Long)
2018-06-18 09:24:50.995  INFO 5008 --- [restartedMain] s.w.s.m.m.a.RequestMappingHandlerMapping : Mapped "{[/api/games/],methods=[POST],produces=[application/json;charset=UTF-8]}" onto public org.springframework.http.ResponseEntity<ru.study.gamelexicon.model.Game> ru.study.gamelexicon.rest.GameRestController.create(javax.servlet.http.HttpServletRequest)
2018-06-18 09:24:50.996  INFO 5008 --- [restartedMain] s.w.s.m.m.a.RequestMappingHandlerMapping : Mapped "{[/api/games/],methods=[GET],produces=[application/json;charset=UTF-8]}" onto public org.springframework.http.ResponseEntity<java.util.List<ru.study.gamelexicon.model.Game>> ru.study.gamelexicon.rest.GameRestController.list(javax.servlet.ServletRequest)
2018-06-18 09:24:50.997  INFO 5008 --- [restartedMain] s.w.s.m.m.a.RequestMappingHandlerMapping : Mapped "{[/api/languages/],methods=[PUT],produces=[application/json;charset=UTF-8]}" onto public org.springframework.http.ResponseEntity<ru.study.gamelexicon.model.Language> ru.study.gamelexicon.rest.LanguageRestController.update(ru.study.gamelexicon.model.Language)
2018-06-18 09:24:50.998  INFO 5008 --- [restartedMain] s.w.s.m.m.a.RequestMappingHandlerMapping : Mapped "{[/api/languages/{id}],methods=[DELETE],produces=[application/json;charset=UTF-8]}" onto public org.springframework.http.ResponseEntity<ru.study.gamelexicon.model.Language> ru.study.gamelexicon.rest.LanguageRestController.delete(java.lang.Long)
2018-06-18 09:24:50.998  INFO 5008 --- [restartedMain] s.w.s.m.m.a.RequestMappingHandlerMapping : Mapped "{[/api/languages/{id}],methods=[GET],produces=[application/json;charset=UTF-8]}" onto public org.springframework.http.ResponseEntity<ru.study.gamelexicon.model.Language> ru.study.gamelexicon.rest.LanguageRestController.read(java.lang.Long)
2018-06-18 09:24:50.998  INFO 5008 --- [restartedMain] s.w.s.m.m.a.RequestMappingHandlerMapping : Mapped "{[/api/languages/],methods=[POST],produces=[application/json;charset=UTF-8]}" onto public org.springframework.http.ResponseEntity<ru.study.gamelexicon.model.Language> ru.study.gamelexicon.rest.LanguageRestController.create(ru.study.gamelexicon.model.Language)
2018-06-18 09:24:50.998  INFO 5008 --- [restartedMain] s.w.s.m.m.a.RequestMappingHandlerMapping : Mapped "{[/api/languages/],methods=[GET],produces=[application/json;charset=UTF-8]}" onto public org.springframework.http.ResponseEntity<java.util.List<ru.study.gamelexicon.model.Language>> ru.study.gamelexicon.rest.LanguageRestController.list()
2018-06-18 09:24:50.999  INFO 5008 --- [restartedMain] s.w.s.m.m.a.RequestMappingHandlerMapping : Mapped "{[/],methods=[GET]}" onto public org.springframework.http.ResponseEntity<ru.study.gamelexicon.model.Language> ru.study.gamelexicon.rest.LoginRestController.empty()
2018-06-18 09:24:51.000  INFO 5008 --- [restartedMain] s.w.s.m.m.a.RequestMappingHandlerMapping : Mapped "{[/logout],methods=[POST]}" onto public org.springframework.http.ResponseEntity<java.lang.String> ru.study.gamelexicon.rest.LoginRestController.logout(javax.servlet.ServletRequest)
2018-06-18 09:24:51.000  INFO 5008 --- [restartedMain] s.w.s.m.m.a.RequestMappingHandlerMapping : Mapped "{[/registration],methods=[POST]}" onto public org.springframework.http.ResponseEntity<java.lang.String> ru.study.gamelexicon.rest.LoginRestController.registration(java.lang.String,java.lang.String,java.lang.String,java.lang.String)
2018-06-18 09:24:51.000  INFO 5008 --- [restartedMain] s.w.s.m.m.a.RequestMappingHandlerMapping : Mapped "{[/login],methods=[POST]}" onto public org.springframework.http.ResponseEntity<java.lang.String> ru.study.gamelexicon.rest.LoginRestController.login(java.lang.String,java.lang.String) throws javax.servlet.ServletException
2018-06-18 09:24:51.002  INFO 5008 --- [restartedMain] s.w.s.m.m.a.RequestMappingHandlerMapping : Mapped "{[/api/settings/],methods=[PUT],produces=[application/json;charset=UTF-8]}" onto public org.springframework.http.ResponseEntity<ru.study.gamelexicon.model.Setting> ru.study.gamelexicon.rest.SettingRestController.update(ru.study.gamelexicon.model.Setting)
2018-06-18 09:24:51.002  INFO 5008 --- [restartedMain] s.w.s.m.m.a.RequestMappingHandlerMapping : Mapped "{[/api/settings/{id}],methods=[DELETE],produces=[application/json;charset=UTF-8]}" onto public org.springframework.http.ResponseEntity<ru.study.gamelexicon.model.Setting> ru.study.gamelexicon.rest.SettingRestController.delete(java.lang.Long)
2018-06-18 09:24:51.002  INFO 5008 --- [restartedMain] s.w.s.m.m.a.RequestMappingHandlerMapping : Mapped "{[/api/settings/{id}],methods=[GET],produces=[application/json;charset=UTF-8]}" onto public org.springframework.http.ResponseEntity<ru.study.gamelexicon.model.Setting> ru.study.gamelexicon.rest.SettingRestController.read(java.lang.Long)
2018-06-18 09:24:51.003  INFO 5008 --- [restartedMain] s.w.s.m.m.a.RequestMappingHandlerMapping : Mapped "{[/api/settings/],methods=[POST],produces=[application/json;charset=UTF-8]}" onto public org.springframework.http.ResponseEntity<ru.study.gamelexicon.model.Setting> ru.study.gamelexicon.rest.SettingRestController.create(ru.study.gamelexicon.model.Setting)
2018-06-18 09:24:51.003  INFO 5008 --- [restartedMain] s.w.s.m.m.a.RequestMappingHandlerMapping : Mapped "{[/api/settings/],methods=[GET],produces=[application/json;charset=UTF-8]}" onto public org.springframework.http.ResponseEntity<java.util.List<ru.study.gamelexicon.model.Setting>> ru.study.gamelexicon.rest.SettingRestController.list(javax.servlet.ServletRequest)
2018-06-18 09:24:51.004  INFO 5008 --- [restartedMain] s.w.s.m.m.a.RequestMappingHandlerMapping : Mapped "{[/api/statistic/{id}/mosthits],methods=[GET]}" onto public org.springframework.http.ResponseEntity<java.util.List<ru.study.gamelexicon.model.Word>> ru.study.gamelexicon.rest.StatisticRestController.getMostHits(java.lang.Long,int,javax.servlet.ServletRequest)
2018-06-18 09:24:51.004  INFO 5008 --- [restartedMain] s.w.s.m.m.a.RequestMappingHandlerMapping : Mapped "{[/api/statistic/{id}/mostmisses],methods=[GET]}" onto public org.springframework.http.ResponseEntity<java.util.List<ru.study.gamelexicon.model.Word>> ru.study.gamelexicon.rest.StatisticRestController.getMostMisses(java.lang.Long,int,javax.servlet.ServletRequest)
2018-06-18 09:24:51.005  INFO 5008 --- [restartedMain] s.w.s.m.m.a.RequestMappingHandlerMapping : Mapped "{[/api/statistic/{id}/abovethreshold],methods=[GET]}" onto public org.springframework.http.ResponseEntity<java.util.List<ru.study.gamelexicon.model.Word>> ru.study.gamelexicon.rest.StatisticRestController.getWordsAboveThreshold(java.lang.Long,int,javax.servlet.ServletRequest)
2018-06-18 09:24:51.006  INFO 5008 --- [restartedMain] s.w.s.m.m.a.RequestMappingHandlerMapping : Mapped "{[/api/steps/],methods=[PUT],produces=[application/json;charset=UTF-8]}" onto public org.springframework.http.ResponseEntity<ru.study.gamelexicon.model.Step> ru.study.gamelexicon.rest.StepRestController.update(ru.study.gamelexicon.model.Step)
2018-06-18 09:24:51.007  INFO 5008 --- [restartedMain] s.w.s.m.m.a.RequestMappingHandlerMapping : Mapped "{[/api/steps/{id}],methods=[DELETE],produces=[application/json;charset=UTF-8]}" onto public org.springframework.http.ResponseEntity<ru.study.gamelexicon.model.Step> ru.study.gamelexicon.rest.StepRestController.delete(java.lang.Long)
2018-06-18 09:24:51.007  INFO 5008 --- [restartedMain] s.w.s.m.m.a.RequestMappingHandlerMapping : Mapped "{[/api/steps/{id}],methods=[GET],produces=[application/json;charset=UTF-8]}" onto public org.springframework.http.ResponseEntity<ru.study.gamelexicon.model.Step> ru.study.gamelexicon.rest.StepRestController.read(java.lang.Long)
2018-06-18 09:24:51.007  INFO 5008 --- [restartedMain] s.w.s.m.m.a.RequestMappingHandlerMapping : Mapped "{[/api/steps/],methods=[POST],produces=[application/json;charset=UTF-8]}" onto public org.springframework.http.ResponseEntity<ru.study.gamelexicon.model.Step> ru.study.gamelexicon.rest.StepRestController.create(ru.study.gamelexicon.model.Step)
2018-06-18 09:24:51.007  INFO 5008 --- [restartedMain] s.w.s.m.m.a.RequestMappingHandlerMapping : Mapped "{[/api/steps/],methods=[GET],produces=[application/json;charset=UTF-8]}" onto public org.springframework.http.ResponseEntity<java.util.List<ru.study.gamelexicon.model.Step>> ru.study.gamelexicon.rest.StepRestController.list(javax.servlet.ServletRequest)
2018-06-18 09:24:51.009  INFO 5008 --- [restartedMain] s.w.s.m.m.a.RequestMappingHandlerMapping : Mapped "{[/api/users/],methods=[PUT],produces=[application/json;charset=UTF-8]}" onto public org.springframework.http.ResponseEntity<ru.study.gamelexicon.model.User> ru.study.gamelexicon.rest.UserRestController.update(ru.study.gamelexicon.model.User)
2018-06-18 09:24:51.009  INFO 5008 --- [restartedMain] s.w.s.m.m.a.RequestMappingHandlerMapping : Mapped "{[/api/users/{id}],methods=[DELETE],produces=[application/json;charset=UTF-8]}" onto public org.springframework.http.ResponseEntity<ru.study.gamelexicon.model.User> ru.study.gamelexicon.rest.UserRestController.delete(java.lang.Long)
2018-06-18 09:24:51.009  INFO 5008 --- [restartedMain] s.w.s.m.m.a.RequestMappingHandlerMapping : Mapped "{[/api/users/{id}],methods=[GET],produces=[application/json;charset=UTF-8]}" onto public org.springframework.http.ResponseEntity<ru.study.gamelexicon.model.User> ru.study.gamelexicon.rest.UserRestController.read(java.lang.Long,javax.servlet.http.HttpServletRequest)
2018-06-18 09:24:51.010  INFO 5008 --- [restartedMain] s.w.s.m.m.a.RequestMappingHandlerMapping : Mapped "{[/api/users/],methods=[POST],produces=[application/json;charset=UTF-8]}" onto public org.springframework.http.ResponseEntity<ru.study.gamelexicon.model.User> ru.study.gamelexicon.rest.UserRestController.create(ru.study.gamelexicon.model.User)
2018-06-18 09:24:51.010  INFO 5008 --- [restartedMain] s.w.s.m.m.a.RequestMappingHandlerMapping : Mapped "{[/api/users/],methods=[GET],produces=[application/json;charset=UTF-8]}" onto public org.springframework.http.ResponseEntity<java.util.List<ru.study.gamelexicon.model.User>> ru.study.gamelexicon.rest.UserRestController.list()
2018-06-18 09:24:51.013  INFO 5008 --- [restartedMain] s.w.s.m.m.a.RequestMappingHandlerMapping : Mapped "{[/api/words/],methods=[PUT],produces=[application/json;charset=UTF-8]}" onto public org.springframework.http.ResponseEntity<ru.study.gamelexicon.model.Word> ru.study.gamelexicon.rest.WordRestController.update(ru.study.gamelexicon.model.Word)
2018-06-18 09:24:51.013  INFO 5008 --- [restartedMain] s.w.s.m.m.a.RequestMappingHandlerMapping : Mapped "{[/api/words/{id}],methods=[DELETE],produces=[application/json;charset=UTF-8]}" onto public org.springframework.http.ResponseEntity<ru.study.gamelexicon.model.Word> ru.study.gamelexicon.rest.WordRestController.delete(java.lang.Long)
2018-06-18 09:24:51.014  INFO 5008 --- [restartedMain] s.w.s.m.m.a.RequestMappingHandlerMapping : Mapped "{[/api/words/{id}],methods=[GET],produces=[application/json;charset=UTF-8]}" onto public org.springframework.http.ResponseEntity<ru.study.gamelexicon.model.Word> ru.study.gamelexicon.rest.WordRestController.read(java.lang.Long)
2018-06-18 09:24:51.014  INFO 5008 --- [restartedMain] s.w.s.m.m.a.RequestMappingHandlerMapping : Mapped "{[/api/words/],methods=[POST],produces=[application/json;charset=UTF-8]}" onto public org.springframework.http.ResponseEntity<ru.study.gamelexicon.model.Word> ru.study.gamelexicon.rest.WordRestController.create(ru.study.gamelexicon.model.Word)
2018-06-18 09:24:51.014  INFO 5008 --- [restartedMain] s.w.s.m.m.a.RequestMappingHandlerMapping : Mapped "{[/api/words/],methods=[GET],produces=[application/json;charset=UTF-8]}" onto public org.springframework.http.ResponseEntity<java.util.List<ru.study.gamelexicon.model.Word>> ru.study.gamelexicon.rest.WordRestController.list(javax.servlet.ServletRequest)
2018-06-18 09:24:51.016  INFO 5008 --- [restartedMain] s.w.s.m.m.a.RequestMappingHandlerMapping : Mapped "{[/error]}" onto public org.springframework.http.ResponseEntity<java.util.Map<java.lang.String, java.lang.Object>> org.springframework.boot.autoconfigure.web.servlet.error.BasicErrorController.error(javax.servlet.http.HttpServletRequest)
2018-06-18 09:24:51.016  INFO 5008 --- [restartedMain] s.w.s.m.m.a.RequestMappingHandlerMapping : Mapped "{[/error],produces=[text/html]}" onto public org.springframework.web.servlet.ModelAndView org.springframework.boot.autoconfigure.web.servlet.error.BasicErrorController.errorHtml(javax.servlet.http.HttpServletRequest,javax.servlet.http.HttpServletResponse)
2018-06-18 09:24:51.074  INFO 5008 --- [restartedMain] o.s.w.s.handler.SimpleUrlHandlerMapping  : Mapped URL path [/webjars/**] onto handler of type [class org.springframework.web.servlet.resource.ResourceHttpRequestHandler]
2018-06-18 09:24:51.074  INFO 5008 --- [restartedMain] o.s.w.s.handler.SimpleUrlHandlerMapping  : Mapped URL path [/**] onto handler of type [class org.springframework.web.servlet.resource.ResourceHttpRequestHandler]
2018-06-18 09:24:51.705  INFO 5008 --- [restartedMain] o.s.b.d.a.OptionalLiveReloadServer       : LiveReload server is running on port 35729
2018-06-18 09:24:51.752  INFO 5008 --- [restartedMain] o.s.j.e.a.AnnotationMBeanExporter        : Registering beans for JMX exposure on startup
2018-06-18 09:24:51.754  INFO 5008 --- [restartedMain] o.s.j.e.a.AnnotationMBeanExporter        : Bean with name 'dataSource' has been autodetected for JMX exposure
2018-06-18 09:24:51.759  INFO 5008 --- [restartedMain] o.s.j.e.a.AnnotationMBeanExporter        : Located MBean 'dataSource': registering with JMX server as MBean [com.zaxxer.hikari:name=dataSource,type=HikariDataSource]
2018-06-18 09:24:51.802  INFO 5008 --- [restartedMain] o.s.b.w.embedded.tomcat.TomcatWebServer  : Tomcat started on port(s): 8080 (http) with context path ''
2018-06-18 09:24:51.805  INFO 5008 --- [restartedMain] r.s.gamelexicon.GameLexiconApplication   : Started GameLexiconApplication in 8.969 seconds (JVM running for 10.823)
2018-06-18 09:26:03.213  INFO 5008 --- [http-nio-8080-exec-1] o.a.c.c.C.[Tomcat].[localhost].[/]       : Initializing Spring FrameworkServlet 'dispatcherServlet'
2018-06-18 09:26:03.214  INFO 5008 --- [http-nio-8080-exec-1] o.s.web.servlet.DispatcherServlet        : FrameworkServlet 'dispatcherServlet': initialization started
2018-06-18 09:26:03.266  INFO 5008 --- [http-nio-8080-exec-1] o.s.web.servlet.DispatcherServlet        : FrameworkServlet 'dispatcherServlet': initialization completed in 52 ms
2018-06-18 09:26:03.333  WARN 5008 --- [http-nio-8080-exec-1] com.zaxxer.hikari.pool.PoolBase          : HikariPool-1 - Failed to validate connection com.mysql.jdbc.JDBC4Connection@4d1d32b4 (No operations allowed after connection closed.)
2018-06-18 09:26:03.335  WARN 5008 --- [http-nio-8080-exec-1] com.zaxxer.hikari.pool.PoolBase          : HikariPool-1 - Failed to validate connection com.mysql.jdbc.JDBC4Connection@8319c98 (No operations allowed after connection closed.)
2018-06-18 09:26:03.336  WARN 5008 --- [http-nio-8080-exec-1] com.zaxxer.hikari.pool.PoolBase          : HikariPool-1 - Failed to validate connection com.mysql.jdbc.JDBC4Connection@2c1d97b8 (No operations allowed after connection closed.)
2018-06-18 09:26:03.337  WARN 5008 --- [http-nio-8080-exec-1] com.zaxxer.hikari.pool.PoolBase          : HikariPool-1 - Failed to validate connection com.mysql.jdbc.JDBC4Connection@112e8a10 (No operations allowed after connection closed.)
2018-06-18 09:26:03.338  WARN 5008 --- [http-nio-8080-exec-1] com.zaxxer.hikari.pool.PoolBase          : HikariPool-1 - Failed to validate connection com.mysql.jdbc.JDBC4Connection@3b74b38c (No operations allowed after connection closed.)
2018-06-18 09:26:03.339  WARN 5008 --- [http-nio-8080-exec-1] com.zaxxer.hikari.pool.PoolBase          : HikariPool-1 - Failed to validate connection com.mysql.jdbc.JDBC4Connection@3fa52d26 (No operations allowed after connection closed.)
2018-06-18 09:26:03.339  WARN 5008 --- [http-nio-8080-exec-1] com.zaxxer.hikari.pool.PoolBase          : HikariPool-1 - Failed to validate connection com.mysql.jdbc.JDBC4Connection@7fc5cd3d (No operations allowed after connection closed.)
2018-06-18 09:26:03.340  WARN 5008 --- [http-nio-8080-exec-1] com.zaxxer.hikari.pool.PoolBase          : HikariPool-1 - Failed to validate connection com.mysql.jdbc.JDBC4Connection@1a5eb6df (No operations allowed after connection closed.)
2018-06-18 09:26:03.340  WARN 5008 --- [http-nio-8080-exec-1] com.zaxxer.hikari.pool.PoolBase          : HikariPool-1 - Failed to validate connection com.mysql.jdbc.JDBC4Connection@12f25f65 (No operations allowed after connection closed.)
2018-06-18 09:26:03.341  WARN 5008 --- [http-nio-8080-exec-1] com.zaxxer.hikari.pool.PoolBase          : HikariPool-1 - Failed to validate connection com.mysql.jdbc.JDBC4Connection@430fd423 (No operations allowed after connection closed.)
2018-06-18 09:26:03.817 DEBUG 5008 --- [http-nio-8080-exec-2] r.s.g.s.TokenAuthenticationFilter        : Header X-Auth-Token is not found.
2018-06-18 09:26:03.821 DEBUG 5008 --- [http-nio-8080-exec-2] r.s.g.s.TokenAuthenticationFilter        : Header X-Auth-Token is not found.
2018-06-18 09:28:06.759 DEBUG 5008 --- [http-nio-8080-exec-5] r.s.g.s.TokenAuthenticationFilter        : Header X-Auth-Token is not found.
2018-06-18 09:28:06.779 DEBUG 5008 --- [http-nio-8080-exec-5] r.s.g.s.TokenAuthenticationFilter        : Header X-Auth-Token is not found.
2018-06-18 09:28:14.389 DEBUG 5008 --- [http-nio-8080-exec-6] r.s.g.s.TokenAuthenticationFilter        : Header X-Auth-Token is not found.
2018-06-18 09:28:14.390 DEBUG 5008 --- [http-nio-8080-exec-6] r.s.g.s.TokenAuthenticationFilter        : Header X-Auth-Token is not found.
2018-06-18 09:29:36.223  INFO 5008 --- [http-nio-8080-exec-1] o.h.h.i.QueryTranslatorFactoryInitiator  : HHH000397: Using ASTQueryTranslatorFactory
2018-06-18 09:29:36.346  WARN 5008 --- [http-nio-8080-exec-1] com.zaxxer.hikari.pool.PoolBase          : HikariPool-1 - Failed to validate connection com.mysql.jdbc.JDBC4Connection@2570e737 (No operations allowed after connection closed.)
2018-06-18 09:29:36.347  WARN 5008 --- [http-nio-8080-exec-1] com.zaxxer.hikari.pool.PoolBase          : HikariPool-1 - Failed to validate connection com.mysql.jdbc.JDBC4Connection@43f6b57c (No operations allowed after connection closed.)
2018-06-18 09:29:36.348  WARN 5008 --- [http-nio-8080-exec-1] com.zaxxer.hikari.pool.PoolBase          : HikariPool-1 - Failed to validate connection com.mysql.jdbc.JDBC4Connection@744a1b46 (No operations allowed after connection closed.)
2018-06-18 09:29:36.349  WARN 5008 --- [http-nio-8080-exec-1] com.zaxxer.hikari.pool.PoolBase          : HikariPool-1 - Failed to validate connection com.mysql.jdbc.JDBC4Connection@562113a7 (No operations allowed after connection closed.)
2018-06-18 09:29:36.350  WARN 5008 --- [http-nio-8080-exec-1] com.zaxxer.hikari.pool.PoolBase          : HikariPool-1 - Failed to validate connection com.mysql.jdbc.JDBC4Connection@2466bb59 (No operations allowed after connection closed.)
2018-06-18 09:29:36.351  WARN 5008 --- [http-nio-8080-exec-1] com.zaxxer.hikari.pool.PoolBase          : HikariPool-1 - Failed to validate connection com.mysql.jdbc.JDBC4Connection@767906d8 (No operations allowed after connection closed.)
2018-06-18 09:29:36.351  WARN 5008 --- [http-nio-8080-exec-1] com.zaxxer.hikari.pool.PoolBase          : HikariPool-1 - Failed to validate connection com.mysql.jdbc.JDBC4Connection@281b8f9b (No operations allowed after connection closed.)
2018-06-18 09:29:36.352  WARN 5008 --- [http-nio-8080-exec-1] com.zaxxer.hikari.pool.PoolBase          : HikariPool-1 - Failed to validate connection com.mysql.jdbc.JDBC4Connection@39b645b2 (No operations allowed after connection closed.)
2018-06-18 09:29:36.353  WARN 5008 --- [http-nio-8080-exec-1] com.zaxxer.hikari.pool.PoolBase          : HikariPool-1 - Failed to validate connection com.mysql.jdbc.JDBC4Connection@67be72f (No operations allowed after connection closed.)
2018-06-18 09:29:36.354  WARN 5008 --- [http-nio-8080-exec-1] com.zaxxer.hikari.pool.PoolBase          : HikariPool-1 - Failed to validate connection com.mysql.jdbc.JDBC4Connection@380a6efe (No operations allowed after connection closed.)
2018-06-18 09:31:40.496  WARN 5008 --- [http-nio-8080-exec-5] com.zaxxer.hikari.pool.PoolBase          : HikariPool-1 - Failed to validate connection com.mysql.jdbc.JDBC4Connection@70eabfda (No operations allowed after connection closed.)
2018-06-18 09:31:40.498  WARN 5008 --- [http-nio-8080-exec-5] com.zaxxer.hikari.pool.PoolBase          : HikariPool-1 - Failed to validate connection com.mysql.jdbc.JDBC4Connection@611f1605 (No operations allowed after connection closed.)
2018-06-18 09:31:40.499  WARN 5008 --- [http-nio-8080-exec-5] com.zaxxer.hikari.pool.PoolBase          : HikariPool-1 - Failed to validate connection com.mysql.jdbc.JDBC4Connection@4edfc1c8 (No operations allowed after connection closed.)
2018-06-18 09:31:40.500  WARN 5008 --- [http-nio-8080-exec-5] com.zaxxer.hikari.pool.PoolBase          : HikariPool-1 - Failed to validate connection com.mysql.jdbc.JDBC4Connection@6beeb3a6 (No operations allowed after connection closed.)
2018-06-18 09:31:40.500  WARN 5008 --- [http-nio-8080-exec-5] com.zaxxer.hikari.pool.PoolBase          : HikariPool-1 - Failed to validate connection com.mysql.jdbc.JDBC4Connection@3533b208 (No operations allowed after connection closed.)
2018-06-18 09:31:40.504  WARN 5008 --- [http-nio-8080-exec-5] com.zaxxer.hikari.pool.PoolBase          : HikariPool-1 - Failed to validate connection com.mysql.jdbc.JDBC4Connection@2c053595 (No operations allowed after connection closed.)
2018-06-18 09:31:40.506  WARN 5008 --- [http-nio-8080-exec-5] com.zaxxer.hikari.pool.PoolBase          : HikariPool-1 - Failed to validate connection com.mysql.jdbc.JDBC4Connection@1c64605c (No operations allowed after connection closed.)
2018-06-18 09:31:40.507  WARN 5008 --- [http-nio-8080-exec-5] com.zaxxer.hikari.pool.PoolBase          : HikariPool-1 - Failed to validate connection com.mysql.jdbc.JDBC4Connection@20983f5 (No operations allowed after connection closed.)
2018-06-18 09:31:40.508  WARN 5008 --- [http-nio-8080-exec-5] com.zaxxer.hikari.pool.PoolBase          : HikariPool-1 - Failed to validate connection com.mysql.jdbc.JDBC4Connection@2a82c24e (No operations allowed after connection closed.)
2018-06-18 09:31:40.509  WARN 5008 --- [http-nio-8080-exec-5] com.zaxxer.hikari.pool.PoolBase          : HikariPool-1 - Failed to validate connection com.mysql.jdbc.JDBC4Connection@2f2ee316 (No operations allowed after connection closed.)
2018-06-18 09:31:40.639  INFO 5008 --- [http-nio-8080-exec-5] r.s.g.rest.LanguageRestController        : Created game
2018-06-18 09:31:59.057  INFO 5008 --- [http-nio-8080-exec-6] r.s.g.rest.LanguageRestController        : Created game
2018-06-18 09:32:19.640  INFO 5008 --- [http-nio-8080-exec-7] r.s.g.rest.LanguageRestController        : Created game
